<?xml version="1.0" encoding="UTF-8"?>
<!-- Generated by org.testng.reporters.JUnitReportReporter -->
<testsuite skipped="0" hostname="Ranjha-PC" name="com.actitime.scripts.TaskTest" tests="6" failures="0" timestamp="21 Feb 2019 17:19:51 GMT" time="365.992" errors="0">
  <testcase name="createproject" time="36.279" classname="com.actitime.scripts.TaskTest"/>
  <testcase name="deleteProject" time="35.338" classname="com.actitime.scripts.TaskTest"/>
  <testcase name="deletecustomer" time="34.267" classname="com.actitime.scripts.TaskTest"/>
  <testcase name="deleteTask" time="70.536" classname="com.actitime.scripts.TaskTest"/>
  <testcase name="createNewCustomer" time="145.010" classname="com.actitime.scripts.TaskTest"/>
  <testcase name="createNewTask" time="44.562" classname="com.actitime.scripts.TaskTest"/>
</testsuite> <!-- com.actitime.scripts.TaskTest -->
